<?xml version="1.0" encoding="UTF-8"?>
<!-- Generated by org.testng.reporters.JUnitXMLReporter -->
<testsuite ignored="0" hostname="Mainaks-MacBook-Air.local" failures="0" tests="2" name="Validating login page" time="18.716" errors="0" timestamp="2022-01-23T21:04:04 IST">
  <testcase classname="com.test.testcases.Validate_Login" name="successful_Login" time="3.248"/>
  <testcase classname="com.test.testcases.Validate_Login" name="successful_Login" time="2.918"/>
</testsuite> <!-- Validating login page -->
