<?xml version="1.0" encoding="UTF-8"?>
<!-- Generated by org.testng.reporters.JUnitXMLReporter -->
<testsuite ignored="0" hostname="Mainaks-MacBook-Air.local" failures="0" tests="2" name="Validating login headers" time="12.967" errors="0" timestamp="2022-01-23T21:04:17 IST">
  <testcase classname="com.test.testcases.Validate_Login_headers" name="loginheading" time="1.28"/>
  <testcase classname="com.test.testcases.Validate_Login_headers" name="loginheadingdisplayed" time="0.232"/>
</testsuite> <!-- Validating login headers -->
